  treeIO.cpp
c:\users\tamarab\documents\github\pos-remi\macros\treeio.cpp(2): fatal error C1083: Cannot open include file: 'DataSet.h': No such file or directory
  sortReconData.cpp
c:\users\tamarab\documents\github\pos-remi\macros\sortrecondata.cpp(2): fatal error C1083: Cannot open include file: 'DataSet.h': No such file or directory
  selectPosIonElec.cpp
c:\users\tamarab\documents\github\pos-remi\macros\selectposionelec.cpp(2): fatal error C1083: Cannot open include file: 'DataSet.h': No such file or directory
  checkIons.cpp
  ReadWriteTree.cpp
c:\users\tamarab\documents\github\pos-remi\macros\readwritetree.cpp(2): fatal error C1083: Cannot open include file: 'DataSet.h': No such file or directory
  positionPos.cpp
  positionElec.cpp
  plotTimeSums.cpp
c:\users\tamarab\documents\github\pos-remi\macros\plottimesums.cpp(2): fatal error C1083: Cannot open include file: 'DataSet.h': No such file or directory
  plotTimeSpectraEvents.cpp
c:\users\tamarab\documents\github\pos-remi\macros\plottimespectraevents.cpp(1): fatal error C1083: Cannot open include file: 'HistogramPair.h': No such file or directory
  plotTimeSpectraDS.cpp
c:\users\tamarab\documents\github\pos-remi\macros\plottimespectrads.cpp(1): fatal error C1083: Cannot open include file: 'HistogramPair.h': No such file or directory
  plotTimeSpectra.cpp
c:\users\tamarab\documents\github\pos-remi\macros\plottimespectra.cpp(3): fatal error C1083: Cannot open include file: 'HistogramPair.h': No such file or directory
  identifyAndTime.cpp
c:\users\tamarab\documents\github\pos-remi\macros\identifyandtime.cpp(2): fatal error C1083: Cannot open include file: 'DataSet.h': No such file or directory
  firstCut.cpp
  convertLayerPosition.cpp
c:\users\tamarab\documents\github\pos-remi\macros\convertlayerposition.cpp(2): fatal error C1083: Cannot open include file: 'DataSet.h': No such file or directory
  convertCartesian.cpp
c:\users\tamarab\documents\github\pos-remi\macros\convertcartesian.cpp(2): fatal error C1083: Cannot open include file: 'DataSet.h': No such file or directory
  constructEvents.cpp
c:\users\tamarab\documents\github\pos-remi\macros\constructevents.cpp(2): fatal error C1083: Cannot open include file: 'DataSet.h': No such file or directory
  checkTimeSums.cpp
c:\users\tamarab\documents\github\pos-remi\macros\checktimesums.cpp(2): fatal error C1083: Cannot open include file: 'DataSet.h': No such file or directory
  calculateTimeSums.cpp
c:\users\tamarab\documents\github\pos-remi\macros\calculatetimesums.cpp(2): fatal error C1083: Cannot open include file: 'DataSet.h': No such file or directory
  calculatePitchProp.cpp
c:\users\tamarab\documents\github\pos-remi\macros\calculatepitchprop.cpp(2): fatal error C1083: Cannot open include file: 'DataSet.h': No such file or directory
  checkReconstructable.cpp
c:\users\tamarab\documents\github\pos-remi\app\checkreconstructable.cpp(27): warning C4267: 'initializing': conversion from 'size_t' to 'int', possible loss of data
c:\users\tamarab\documents\github\pos-remi\app\checkreconstructable.cpp(28): warning C4267: 'initializing': conversion from 'size_t' to 'int', possible loss of data
c:\users\tamarab\documents\github\pos-remi\app\checkreconstructable.cpp(29): warning C4267: 'initializing': conversion from 'size_t' to 'int', possible loss of data
c:\users\tamarab\documents\github\pos-remi\app\checkreconstructable.cpp(58): warning C4267: 'initializing': conversion from 'size_t' to 'int', possible loss of data
c:\users\tamarab\documents\github\pos-remi\app\checkreconstructable.cpp(59): warning C4267: 'initializing': conversion from 'size_t' to 'int', possible loss of data
c:\users\tamarab\documents\github\pos-remi\app\checkreconstructable.cpp(60): warning C4267: 'initializing': conversion from 'size_t' to 'int', possible loss of data
c:\users\tamarab\documents\github\pos-remi\app\checkreconstructable.cpp(81): warning C4267: 'initializing': conversion from 'size_t' to 'int', possible loss of data
c:\users\tamarab\documents\github\pos-remi\app\checkreconstructable.cpp(82): warning C4267: 'initializing': conversion from 'size_t' to 'int', possible loss of data
c:\users\tamarab\documents\github\pos-remi\app\checkreconstructable.cpp(83): warning C4267: 'initializing': conversion from 'size_t' to 'int', possible loss of data
  Generating Code...
