c:\users\tamara\documents\github\liveimageandtimespectra\macros\debug\macros.pdb
c:\users\tamara\documents\github\liveimageandtimespectra\macros\debug\macros.idb
c:\users\tamara\documents\github\liveimageandtimespectra\macros\debug\firstcut.obj
c:\users\tamara\documents\github\liveimageandtimespectra\macros\debug\getcalibrationparameters.obj
c:\users\tamara\documents\github\liveimageandtimespectra\macros\debug\histogramdifferenceeleclayers.obj
c:\users\tamara\documents\github\liveimageandtimespectra\macros\debug\histogramelectronlayers.obj
c:\users\tamara\documents\github\liveimageandtimespectra\macros\debug\histogrammasklayers.obj
c:\users\tamara\documents\github\liveimageandtimespectra\macros\debug\histogramuvwpositions.obj
c:\users\tamara\documents\github\liveimageandtimespectra\macros\debug\histogramxypositions.obj
c:\users\tamara\documents\github\liveimageandtimespectra\macros\debug\identifyandtime.obj
c:\users\tamara\documents\github\liveimageandtimespectra\macros\debug\loadfromtreeexistingdataset.obj
c:\users\tamara\documents\github\liveimageandtimespectra\macros\debug\plottimespectra.obj
c:\users\tamara\documents\github\liveimageandtimespectra\macros\debug\plottimespectrads.obj
c:\users\tamara\documents\github\liveimageandtimespectra\macros\debug\plottimespectraevents.obj
c:\users\tamara\documents\github\liveimageandtimespectra\macros\debug\plottimesums.obj
c:\users\tamara\documents\github\liveimageandtimespectra\macros\debug\positionstreetodataset.obj
c:\users\tamara\documents\github\liveimageandtimespectra\macros\debug\readwritetree.obj
c:\users\tamara\documents\github\liveimageandtimespectra\macros\debug\scanfiles.obj
c:\users\tamara\documents\github\liveimageandtimespectra\macros\debug\selectposionelec.obj
c:\users\tamara\documents\github\liveimageandtimespectra\macros\debug\sortrecondata.obj
c:\users\tamara\documents\github\liveimageandtimespectra\macros\debug\sumofdifference.obj
c:\users\tamara\documents\github\liveimageandtimespectra\macros\debug\treeio.obj
c:\users\tamara\documents\github\liveimageandtimespectra\macros\debug\checkreconstructable.obj
c:\users\tamara\documents\github\liveimageandtimespectra\macros\debug\calculatepitchprop.obj
c:\users\tamara\documents\github\liveimageandtimespectra\macros\debug\calculatetimesums.obj
c:\users\tamara\documents\github\liveimageandtimespectra\macros\debug\calibratefromslope.obj
c:\users\tamara\documents\github\liveimageandtimespectra\macros\debug\checkdensity.obj
c:\users\tamara\documents\github\liveimageandtimespectra\macros\debug\checktimesums.obj
c:\users\tamara\documents\github\liveimageandtimespectra\macros\debug\constructevents.obj
c:\users\tamara\documents\github\liveimageandtimespectra\macros\debug\convertcartesian.obj
c:\users\tamara\documents\github\liveimageandtimespectra\macros\debug\convertlayerposition.obj
c:\users\tamara\documents\github\liveimageandtimespectra\macros\debug\createmaskdatatree.obj
c:\users\tamara\documents\github\liveimageandtimespectra\macros\debug\histogramdensity.obj
c:\users\tamara\documents\github\liveimageandtimespectra\macros\debug\differenceoflayers.obj
c:\users\tamara\documents\github\liveimageandtimespectra\debug\macros.lib
c:\users\tamara\documents\github\liveimageandtimespectra\debug\macros.pdb
c:\users\tamara\documents\github\liveimageandtimespectra\macros\debug\macros.tlog\cl.command.1.tlog
c:\users\tamara\documents\github\liveimageandtimespectra\macros\debug\macros.tlog\cl.read.1.tlog
c:\users\tamara\documents\github\liveimageandtimespectra\macros\debug\macros.tlog\cl.write.1.tlog
c:\users\tamara\documents\github\liveimageandtimespectra\macros\debug\macros.tlog\lib-link.read.1.tlog
c:\users\tamara\documents\github\liveimageandtimespectra\macros\debug\macros.tlog\lib-link.write.1.tlog
c:\users\tamara\documents\github\liveimageandtimespectra\macros\debug\macros.tlog\lib.command.1.tlog
