c:\users\tamarab\documents\github\pos-remi\app\debug\app.pch
c:\users\tamarab\documents\github\pos-remi\app\debug\vc140.pdb
c:\users\tamarab\documents\github\pos-remi\app\debug\vc140.idb
c:\users\tamarab\documents\github\pos-remi\app\debug\stdafx.obj
c:\users\tamarab\documents\github\pos-remi\app\debug\app.obj
c:\users\tamarab\documents\github\pos-remi\app\debug\constants.obj
c:\users\tamarab\documents\github\pos-remi\app\debug\dataset.obj
c:\users\tamarab\documents\github\pos-remi\app\debug\fitset.obj
c:\users\tamarab\documents\github\pos-remi\app\debug\group.obj
c:\users\tamarab\documents\github\pos-remi\app\debug\event.obj
c:\users\tamarab\documents\github\pos-remi\app\debug\pitchset.obj
c:\users\tamarab\documents\github\pos-remi\debug\app.ilk
c:\users\tamarab\documents\github\pos-remi\debug\app.exe
c:\users\tamarab\documents\github\pos-remi\debug\app.pdb
c:\users\tamarab\documents\github\pos-remi\app\debug\app.tlog\cl.command.1.tlog
c:\users\tamarab\documents\github\pos-remi\app\debug\app.tlog\cl.read.1.tlog
c:\users\tamarab\documents\github\pos-remi\app\debug\app.tlog\cl.write.1.tlog
c:\users\tamarab\documents\github\pos-remi\app\debug\app.tlog\link.command.1.tlog
c:\users\tamarab\documents\github\pos-remi\app\debug\app.tlog\link.read.1.tlog
c:\users\tamarab\documents\github\pos-remi\app\debug\app.tlog\link.write.1.tlog
